  AddDelRowColumn.cpp
  CheckTextBox.cpp
  CloseForm.cpp
  InitDelMatrix.cpp
  NumberMultDev.cpp
  PrintMatrix.cpp
  SumDiffMatrix.cpp
  WinMain.cpp
  Создание кода...
  AddDelRowColumn.obj : обнаружен модуль MSIL; для MSIL последовательная компоновка отключена; выполняется полная компоновка
CheckTextBox.obj : error LNK2005: "double * * B" (?B@@3PAPANA) уже определен в AddDelRowColumn.obj
CheckTextBox.obj : error LNK2005: "double * * C" (?C@@3PAPANA) уже определен в AddDelRowColumn.obj
CheckTextBox.obj : error LNK2005: "double * * A" (?A@@3PAPANA) уже определен в AddDelRowColumn.obj
CheckTextBox.obj : error LNK2005: "int rowCountA" (?rowCountA@@3HA) уже определен в AddDelRowColumn.obj
CheckTextBox.obj : error LNK2005: "int columnCountA" (?columnCountA@@3HA) уже определен в AddDelRowColumn.obj
CheckTextBox.obj : error LNK2005: "int rowCountB" (?rowCountB@@3HA) уже определен в AddDelRowColumn.obj
CheckTextBox.obj : error LNK2005: "int columnCountB" (?columnCountB@@3HA) уже определен в AddDelRowColumn.obj
CheckTextBox.obj : error LNK2005: "int rowCountC" (?rowCountC@@3HA) уже определен в AddDelRowColumn.obj
CheckTextBox.obj : error LNK2005: "int columnCountC" (?columnCountC@@3HA) уже определен в AddDelRowColumn.obj
CloseForm.obj : error LNK2005: "double * * B" (?B@@3PAPANA) уже определен в AddDelRowColumn.obj
CloseForm.obj : error LNK2005: "double * * C" (?C@@3PAPANA) уже определен в AddDelRowColumn.obj
CloseForm.obj : error LNK2005: "double * * A" (?A@@3PAPANA) уже определен в AddDelRowColumn.obj
CloseForm.obj : error LNK2005: "int rowCountA" (?rowCountA@@3HA) уже определен в AddDelRowColumn.obj
CloseForm.obj : error LNK2005: "int columnCountA" (?columnCountA@@3HA) уже определен в AddDelRowColumn.obj
CloseForm.obj : error LNK2005: "int rowCountB" (?rowCountB@@3HA) уже определен в AddDelRowColumn.obj
CloseForm.obj : error LNK2005: "int columnCountB" (?columnCountB@@3HA) уже определен в AddDelRowColumn.obj
CloseForm.obj : error LNK2005: "int rowCountC" (?rowCountC@@3HA) уже определен в AddDelRowColumn.obj
CloseForm.obj : error LNK2005: "int columnCountC" (?columnCountC@@3HA) уже определен в AddDelRowColumn.obj
InitDelMatrix.obj : error LNK2005: "double * * B" (?B@@3PAPANA) уже определен в AddDelRowColumn.obj
InitDelMatrix.obj : error LNK2005: "double * * C" (?C@@3PAPANA) уже определен в AddDelRowColumn.obj
InitDelMatrix.obj : error LNK2005: "double * * A" (?A@@3PAPANA) уже определен в AddDelRowColumn.obj
InitDelMatrix.obj : error LNK2005: "int rowCountA" (?rowCountA@@3HA) уже определен в AddDelRowColumn.obj
InitDelMatrix.obj : error LNK2005: "int columnCountA" (?columnCountA@@3HA) уже определен в AddDelRowColumn.obj
InitDelMatrix.obj : error LNK2005: "int rowCountB" (?rowCountB@@3HA) уже определен в AddDelRowColumn.obj
InitDelMatrix.obj : error LNK2005: "int columnCountB" (?columnCountB@@3HA) уже определен в AddDelRowColumn.obj
InitDelMatrix.obj : error LNK2005: "int rowCountC" (?rowCountC@@3HA) уже определен в AddDelRowColumn.obj
InitDelMatrix.obj : error LNK2005: "int columnCountC" (?columnCountC@@3HA) уже определен в AddDelRowColumn.obj
NumberMultDev.obj : error LNK2005: "double * * B" (?B@@3PAPANA) уже определен в AddDelRowColumn.obj
NumberMultDev.obj : error LNK2005: "double * * C" (?C@@3PAPANA) уже определен в AddDelRowColumn.obj
NumberMultDev.obj : error LNK2005: "double * * A" (?A@@3PAPANA) уже определен в AddDelRowColumn.obj
NumberMultDev.obj : error LNK2005: "int rowCountA" (?rowCountA@@3HA) уже определен в AddDelRowColumn.obj
NumberMultDev.obj : error LNK2005: "int columnCountA" (?columnCountA@@3HA) уже определен в AddDelRowColumn.obj
NumberMultDev.obj : error LNK2005: "int rowCountB" (?rowCountB@@3HA) уже определен в AddDelRowColumn.obj
NumberMultDev.obj : error LNK2005: "int columnCountB" (?columnCountB@@3HA) уже определен в AddDelRowColumn.obj
NumberMultDev.obj : error LNK2005: "int rowCountC" (?rowCountC@@3HA) уже определен в AddDelRowColumn.obj
NumberMultDev.obj : error LNK2005: "int columnCountC" (?columnCountC@@3HA) уже определен в AddDelRowColumn.obj
PrintMatrix.obj : error LNK2005: "double * * B" (?B@@3PAPANA) уже определен в AddDelRowColumn.obj
PrintMatrix.obj : error LNK2005: "double * * C" (?C@@3PAPANA) уже определен в AddDelRowColumn.obj
PrintMatrix.obj : error LNK2005: "double * * A" (?A@@3PAPANA) уже определен в AddDelRowColumn.obj
PrintMatrix.obj : error LNK2005: "int rowCountA" (?rowCountA@@3HA) уже определен в AddDelRowColumn.obj
PrintMatrix.obj : error LNK2005: "int columnCountA" (?columnCountA@@3HA) уже определен в AddDelRowColumn.obj
PrintMatrix.obj : error LNK2005: "int rowCountB" (?rowCountB@@3HA) уже определен в AddDelRowColumn.obj
PrintMatrix.obj : error LNK2005: "int columnCountB" (?columnCountB@@3HA) уже определен в AddDelRowColumn.obj
PrintMatrix.obj : error LNK2005: "int rowCountC" (?rowCountC@@3HA) уже определен в AddDelRowColumn.obj
PrintMatrix.obj : error LNK2005: "int columnCountC" (?columnCountC@@3HA) уже определен в AddDelRowColumn.obj
SumDiffMatrix.obj : error LNK2005: "double * * B" (?B@@3PAPANA) уже определен в AddDelRowColumn.obj
SumDiffMatrix.obj : error LNK2005: "double * * C" (?C@@3PAPANA) уже определен в AddDelRowColumn.obj
SumDiffMatrix.obj : error LNK2005: "double * * A" (?A@@3PAPANA) уже определен в AddDelRowColumn.obj
SumDiffMatrix.obj : error LNK2005: "int rowCountA" (?rowCountA@@3HA) уже определен в AddDelRowColumn.obj
SumDiffMatrix.obj : error LNK2005: "int columnCountA" (?columnCountA@@3HA) уже определен в AddDelRowColumn.obj
SumDiffMatrix.obj : error LNK2005: "int rowCountB" (?rowCountB@@3HA) уже определен в AddDelRowColumn.obj
SumDiffMatrix.obj : error LNK2005: "int columnCountB" (?columnCountB@@3HA) уже определен в AddDelRowColumn.obj
SumDiffMatrix.obj : error LNK2005: "int rowCountC" (?rowCountC@@3HA) уже определен в AddDelRowColumn.obj
SumDiffMatrix.obj : error LNK2005: "int columnCountC" (?columnCountC@@3HA) уже определен в AddDelRowColumn.obj
WinMain.obj : error LNK2005: "double * * B" (?B@@3PAPANA) уже определен в AddDelRowColumn.obj
WinMain.obj : error LNK2005: "double * * C" (?C@@3PAPANA) уже определен в AddDelRowColumn.obj
WinMain.obj : error LNK2005: "double * * A" (?A@@3PAPANA) уже определен в AddDelRowColumn.obj
WinMain.obj : error LNK2005: "int rowCountA" (?rowCountA@@3HA) уже определен в AddDelRowColumn.obj
WinMain.obj : error LNK2005: "int columnCountA" (?columnCountA@@3HA) уже определен в AddDelRowColumn.obj
WinMain.obj : error LNK2005: "int rowCountB" (?rowCountB@@3HA) уже определен в AddDelRowColumn.obj
WinMain.obj : error LNK2005: "int columnCountB" (?columnCountB@@3HA) уже определен в AddDelRowColumn.obj
WinMain.obj : error LNK2005: "int rowCountC" (?rowCountC@@3HA) уже определен в AddDelRowColumn.obj
WinMain.obj : error LNK2005: "int columnCountC" (?columnCountC@@3HA) уже определен в AddDelRowColumn.obj
C:\Users\ivan1\Desktop\Матричный калькулятор\Debug\Matrix.exe : fatal error LNK1169: обнаружен многократно определенный символ - один или более
